<?xml version="1.0" encoding="utf-8" standalone="no"?>
<!--This file represents the results of running a test suite-->
<test-results name="C:\dev\github\agileperu\coding-dojos-agile-week-abril-2013\Sabado\Tests\Tests.nunit" total="6" errors="0" failures="0" not-run="0" inconclusive="0" ignored="0" skipped="0" invalid="0" date="2013-04-27" time="13:56:15">
  <environment nunit-version="2.6.2.12296" clr-version="2.0.50727.6400" os-version="Microsoft Windows NT 6.2.9200.0" platform="Win32NT" cwd="C:\dev\github\agileperu\coding-dojos-agile-week-abril-2013\Sabado" machine-name="JUANJO-LAPTOP" user="JuanJosé" user-domain="JUANJO-LAPTOP" />
  <culture-info current-culture="en-US" current-uiculture="en-US" />
  <test-suite type="Project" name="C:\dev\github\agileperu\coding-dojos-agile-week-abril-2013\Sabado\Tests\Tests.nunit" executed="True" result="Success" success="True" time="0.202" asserts="0">
    <results>
      <test-suite type="Assembly" name="C:\dev\github\agileperu\coding-dojos-agile-week-abril-2013\Sabado\Tests\bin\Debug\Tests.dll" executed="True" result="Success" success="True" time="0.180" asserts="0">
        <results>
          <test-suite type="Namespace" name="Tests" executed="True" result="Success" success="True" time="0.179" asserts="0">
            <results>
              <test-suite type="TestFixture" name="CarritoCalcularTotalDeberiaRetornar" executed="True" result="Success" success="True" time="0.178" asserts="0">
                <results>
                  <test-case name="Tests.CarritoCalcularTotalDeberiaRetornar.CeroCuandoEstaVacio" executed="True" result="Success" success="True" time="0.129" asserts="1" />
                  <test-case name="Tests.CarritoCalcularTotalDeberiaRetornar.CientoDocePuntoCincoCuandoTieneCincoKilosQueCuestanVeintiCinco" executed="True" result="Success" success="True" time="0.006" asserts="1" />
                  <test-case name="Tests.CarritoCalcularTotalDeberiaRetornar.CincoPuntoTrescientosOchentaYDosCuandoTieneDosKilosQueCuestanDosPuntoNoventaYNueve" executed="True" result="Success" success="True" time="0.000" asserts="1" />
                  <test-case name="Tests.CarritoCalcularTotalDeberiaRetornar.CuatroCuandoTieneTresLitrosQueCuestanUnoPuntoCuatro" executed="True" result="Success" success="True" time="0.002" asserts="1" />
                  <test-case name="Tests.CarritoCalcularTotalDeberiaRetornar.OchoCuandoTieneSeisUnidadesQueCuestanDos" executed="True" result="Success" success="True" time="0.001" asserts="1" />
                  <test-case name="Tests.CarritoCalcularTotalDeberiaRetornar.SieteCuandoTieneTresUnidadesQueCuestanTresPuntoCinco" executed="True" result="Success" success="True" time="0.000" asserts="1" />
                </results>
              </test-suite>
            </results>
          </test-suite>
        </results>
      </test-suite>
    </results>
  </test-suite>
</test-results>